{"C:\\Users\\Julie\\OneDrive\\Рабочий стол\\Homework\\oop1\\src\\index.js": {"path":"C:\\Users\\Julie\\OneDrive\\Рабочий стол\\Homework\\oop1\\src\\index.js","statementMap":{"0":{"start":{"line":3,"column":6},"end":{"line":3,"column":23}},"1":{"start":{"line":4,"column":6},"end":{"line":4,"column":23}},"2":{"start":{"line":5,"column":6},"end":{"line":5,"column":24}},"3":{"start":{"line":6,"column":6},"end":{"line":6,"column":21}},"4":{"start":{"line":8,"column":6},"end":{"line":10,"column":7}},"5":{"start":{"line":9,"column":8},"end":{"line":9,"column":64}},"6":{"start":{"line":12,"column":20},"end":{"line":12,"column":85}},"7":{"start":{"line":13,"column":6},"end":{"line":15,"column":7}},"8":{"start":{"line":14,"column":8},"end":{"line":14,"column":73}},"9":{"start":{"line":23,"column":4},"end":{"line":23,"column":26}},"10":{"start":{"line":24,"column":4},"end":{"line":24,"column":21}},"11":{"start":{"line":25,"column":4},"end":{"line":25,"column":22}},"12":{"start":{"line":31,"column":4},"end":{"line":31,"column":29}},"13":{"start":{"line":32,"column":4},"end":{"line":32,"column":21}},"14":{"start":{"line":33,"column":4},"end":{"line":33,"column":22}},"15":{"start":{"line":39,"column":4},"end":{"line":39,"column":28}},"16":{"start":{"line":40,"column":4},"end":{"line":40,"column":21}},"17":{"start":{"line":41,"column":4},"end":{"line":41,"column":22}},"18":{"start":{"line":47,"column":4},"end":{"line":47,"column":26}},"19":{"start":{"line":48,"column":4},"end":{"line":48,"column":21}},"20":{"start":{"line":49,"column":4},"end":{"line":49,"column":22}},"21":{"start":{"line":55,"column":4},"end":{"line":55,"column":26}},"22":{"start":{"line":56,"column":4},"end":{"line":56,"column":21}},"23":{"start":{"line":57,"column":4},"end":{"line":57,"column":22}},"24":{"start":{"line":63,"column":4},"end":{"line":63,"column":26}},"25":{"start":{"line":64,"column":4},"end":{"line":64,"column":21}},"26":{"start":{"line":65,"column":4},"end":{"line":65,"column":22}}},"fnMap":{"0":{"name":"(anonymous_0)","decl":{"start":{"line":2,"column":4},"end":{"line":2,"column":5}},"loc":{"start":{"line":2,"column":28},"end":{"line":16,"column":5}},"line":2},"1":{"name":"(anonymous_1)","decl":{"start":{"line":22,"column":2},"end":{"line":22,"column":3}},"loc":{"start":{"line":22,"column":20},"end":{"line":26,"column":3}},"line":22},"2":{"name":"(anonymous_2)","decl":{"start":{"line":30,"column":2},"end":{"line":30,"column":3}},"loc":{"start":{"line":30,"column":20},"end":{"line":34,"column":3}},"line":30},"3":{"name":"(anonymous_3)","decl":{"start":{"line":38,"column":2},"end":{"line":38,"column":3}},"loc":{"start":{"line":38,"column":20},"end":{"line":42,"column":3}},"line":38},"4":{"name":"(anonymous_4)","decl":{"start":{"line":46,"column":2},"end":{"line":46,"column":3}},"loc":{"start":{"line":46,"column":20},"end":{"line":50,"column":3}},"line":46},"5":{"name":"(anonymous_5)","decl":{"start":{"line":54,"column":2},"end":{"line":54,"column":3}},"loc":{"start":{"line":54,"column":20},"end":{"line":58,"column":3}},"line":54},"6":{"name":"(anonymous_6)","decl":{"start":{"line":62,"column":2},"end":{"line":62,"column":3}},"loc":{"start":{"line":62,"column":20},"end":{"line":66,"column":3}},"line":62}},"branchMap":{"0":{"loc":{"start":{"line":8,"column":6},"end":{"line":10,"column":7}},"type":"if","locations":[{"start":{"line":8,"column":6},"end":{"line":10,"column":7}},{"start":{},"end":{}}],"line":8},"1":{"loc":{"start":{"line":8,"column":10},"end":{"line":8,"column":55}},"type":"binary-expr","locations":[{"start":{"line":8,"column":10},"end":{"line":8,"column":30}},{"start":{"line":8,"column":34},"end":{"line":8,"column":55}}],"line":8},"2":{"loc":{"start":{"line":13,"column":6},"end":{"line":15,"column":7}},"type":"if","locations":[{"start":{"line":13,"column":6},"end":{"line":15,"column":7}},{"start":{},"end":{}}],"line":13}},"s":{"0":9,"1":9,"2":9,"3":9,"4":9,"5":2,"6":7,"7":7,"8":1,"9":3,"10":1,"11":1,"12":1,"13":1,"14":1,"15":1,"16":1,"17":1,"18":1,"19":1,"20":1,"21":1,"22":1,"23":1,"24":1,"25":1,"26":1},"f":{"0":9,"1":3,"2":1,"3":1,"4":1,"5":1,"6":1},"b":{"0":[2,7],"1":[9,8],"2":[1,6]},"_coverageSchema":"1a1c01bbd47fc00a2c39e90264f33305004495a9","hash":"119ba2f5bbf4d9722c5d08f446127448176b74e4"}
}
