TN:
SF:src\index.js
FN:2,(anonymous_0)
FN:22,(anonymous_1)
FN:30,(anonymous_2)
FN:38,(anonymous_3)
FN:46,(anonymous_4)
FN:54,(anonymous_5)
FN:62,(anonymous_6)
FNF:7
FNH:7
FNDA:9,(anonymous_0)
FNDA:3,(anonymous_1)
FNDA:1,(anonymous_2)
FNDA:1,(anonymous_3)
FNDA:1,(anonymous_4)
FNDA:1,(anonymous_5)
FNDA:1,(anonymous_6)
DA:3,9
DA:4,9
DA:5,9
DA:6,9
DA:8,9
DA:9,2
DA:12,7
DA:13,7
DA:14,1
DA:23,3
DA:24,1
DA:25,1
DA:31,1
DA:32,1
DA:33,1
DA:39,1
DA:40,1
DA:41,1
DA:47,1
DA:48,1
DA:49,1
DA:55,1
DA:56,1
DA:57,1
DA:63,1
DA:64,1
DA:65,1
LF:27
LH:27
BRDA:8,0,0,2
BRDA:8,0,1,7
BRDA:8,1,0,9
BRDA:8,1,1,8
BRDA:13,2,0,1
BRDA:13,2,1,6
BRF:6
BRH:6
end_of_record
